[debug] [2022-09-22T14:25:51.207Z] ----------------------------------------------------------------------
[debug] [2022-09-22T14:25:51.209Z] Command:       C:\Users\Mads\DOWNLO~1\firebase-tools-instant-win.exe C:\Users\Mads\.cache\firebase\tools\lib\node_modules\firebase-tools\lib\bin\firebase init
[debug] [2022-09-22T14:25:51.209Z] CLI Version:   11.9.0
[debug] [2022-09-22T14:25:51.209Z] Platform:      win32
[debug] [2022-09-22T14:25:51.209Z] Node Version:  v16.16.0
[debug] [2022-09-22T14:25:51.210Z] Time:          Thu Sep 22 2022 16:25:51 GMT+0200 (GMT+02:00)
[debug] [2022-09-22T14:25:51.210Z] ----------------------------------------------------------------------
[debug] 
[debug] [2022-09-22T14:25:51.256Z] > command requires scopes: ["email","openid","https://www.googleapis.com/auth/cloudplatformprojects.readonly","https://www.googleapis.com/auth/firebase","https://www.googleapis.com/auth/cloud-platform"]
[debug] [2022-09-22T14:25:51.257Z] > authorizing via signed-in user (mpespp@gmail.com)
[info] 
     ######## #### ########  ######## ########     ###     ######  ########
     ##        ##  ##     ## ##       ##     ##  ##   ##  ##       ##
     ######    ##  ########  ######   ########  #########  ######  ######
     ##        ##  ##    ##  ##       ##     ## ##     ##       ## ##
     ##       #### ##     ## ######## ########  ##     ##  ######  ########

You're about to initialize a Firebase project in this directory:

  C:\Users\Mads\Desktop\Better-Moodle-main\Ny mappe\Better-Moodle\react-firebase-chat-master

Before we get started, keep in mind:

  * You are initializing within an existing Firebase project directory

[info] 
=== Project Setup
[info] 
[info] First, let's associate this project directory with a Firebase project.
[info] You can create multiple project aliases by running firebase use --add, 
[info] but for now we'll just set up a default project.
[info] 
[debug] [2022-09-22T14:26:05.905Z] Using project from CLI flag: fireship-demos
[debug] [2022-09-22T14:26:05.907Z] >>> [apiv2][query] GET https://firebase.googleapis.com/v1beta1/projects/fireship-demos [none]
[debug] [2022-09-22T14:26:06.234Z] <<< [apiv2][status] GET https://firebase.googleapis.com/v1beta1/projects/fireship-demos 403
[debug] [2022-09-22T14:26:06.234Z] <<< [apiv2][body] GET https://firebase.googleapis.com/v1beta1/projects/fireship-demos {"error":{"code":403,"message":"The caller does not have permission","status":"PERMISSION_DENIED"}}
[debug] [2022-09-22T14:26:06.234Z] HTTP Error: 403, The caller does not have permission
[debug] [2022-09-22T14:26:06.307Z] FirebaseError: HTTP Error: 403, The caller does not have permission
    at responseToError (C:\Users\Mads\.cache\firebase\tools\lib\node_modules\firebase-tools\lib\responseToError.js:49:12)
    at RetryOperation._fn (C:\Users\Mads\.cache\firebase\tools\lib\node_modules\firebase-tools\lib\apiv2.js:288:77)
    at processTicksAndRejections (node:internal/process/task_queues:96:5)
[error] 
[error] Error: Failed to get Firebase project fireship-demos. Please make sure the project exists and your account has permission to access it.
[debug] [2022-09-22T14:31:30.506Z] ----------------------------------------------------------------------
[debug] [2022-09-22T14:31:30.507Z] Command:       C:\Users\Mads\DOWNLO~1\firebase-tools-instant-win.exe C:\Users\Mads\.cache\firebase\tools\lib\node_modules\firebase-tools\lib\bin\firebase init
[debug] [2022-09-22T14:31:30.507Z] CLI Version:   11.9.0
[debug] [2022-09-22T14:31:30.508Z] Platform:      win32
[debug] [2022-09-22T14:31:30.508Z] Node Version:  v16.16.0
[debug] [2022-09-22T14:31:30.508Z] Time:          Thu Sep 22 2022 16:31:30 GMT+0200 (GMT+02:00)
[debug] [2022-09-22T14:31:30.508Z] ----------------------------------------------------------------------
[debug] 
[debug] [2022-09-22T14:31:30.556Z] > command requires scopes: ["email","openid","https://www.googleapis.com/auth/cloudplatformprojects.readonly","https://www.googleapis.com/auth/firebase","https://www.googleapis.com/auth/cloud-platform"]
[debug] [2022-09-22T14:31:30.557Z] > authorizing via signed-in user (mpespp@gmail.com)
[info] 
     ######## #### ########  ######## ########     ###     ######  ########
     ##        ##  ##     ## ##       ##     ##  ##   ##  ##       ##
     ######    ##  ########  ######   ########  #########  ######  ######
     ##        ##  ##    ##  ##       ##     ## ##     ##       ## ##
     ##       #### ##     ## ######## ########  ##     ##  ######  ########

You're about to initialize a Firebase project in this directory:

  C:\Users\Mads\Desktop\Better-Moodle-main\Ny mappe\Better-Moodle\react-firebase-chat-master

Before we get started, keep in mind:

  * You are initializing within an existing Firebase project directory

[info] 
=== Project Setup
[info] 
[info] First, let's associate this project directory with a Firebase project.
[info] You can create multiple project aliases by running firebase use --add, 
[info] but for now we'll just set up a default project.
[info] 
[debug] [2022-09-22T14:31:40.292Z] Using project from CLI flag: fireship-demos
[debug] [2022-09-22T14:31:40.294Z] >>> [apiv2][query] GET https://firebase.googleapis.com/v1beta1/projects/fireship-demos [none]
[debug] [2022-09-22T14:31:40.636Z] <<< [apiv2][status] GET https://firebase.googleapis.com/v1beta1/projects/fireship-demos 403
[debug] [2022-09-22T14:31:40.636Z] <<< [apiv2][body] GET https://firebase.googleapis.com/v1beta1/projects/fireship-demos {"error":{"code":403,"message":"The caller does not have permission","status":"PERMISSION_DENIED"}}
[debug] [2022-09-22T14:31:40.637Z] HTTP Error: 403, The caller does not have permission
[debug] [2022-09-22T14:31:40.717Z] FirebaseError: HTTP Error: 403, The caller does not have permission
    at responseToError (C:\Users\Mads\.cache\firebase\tools\lib\node_modules\firebase-tools\lib\responseToError.js:49:12)
    at RetryOperation._fn (C:\Users\Mads\.cache\firebase\tools\lib\node_modules\firebase-tools\lib\apiv2.js:288:77)
    at processTicksAndRejections (node:internal/process/task_queues:96:5)
[error] 
[error] Error: Failed to get Firebase project fireship-demos. Please make sure the project exists and your account has permission to access it.
